 --  JE application crashed!                                                  
 ** JE.exe  **Address:0xffffffffffffffff                      
 ** Error Address : 0x4c0240 xController1->GetState().Gamepad.sThumbLX
 ** Error Address : 0x4c0220 xController1->GetState().Gamepad.sThumbRX
 ** Error Address : 0x4c0210 xController1->GetState().Gamepad.sThumbRY
 ** Error Address : 0x4c0230 xController1->GetState().Gamepad.sThumbLY
fCpu_id:AMD x64 cpu_tick:179502609 23:28:17
---------------------------------------------
mem_dwLength:0 mem_dwMemoryLoad:0
mem_ullAvailExtendedVirtual:110
---------------------------------------------
mem_ullAvailPageFile:0 mem_ullAvailPhys:0
mem_ullAvailVirtual:1310720
---------------------------------------------
mem_ullTotalPageFile:7440752 mem_ullTotalPhys:140724603453440
mem_ullTotalVirtual:140728015346593
---------------------------------------------
CommitLimit:4929042 CommitTotal:2696423
CommitPeak:1898127 KernelNonpaged:140049 
---------------------------------------------
KernelPaged:353609 KernelTotal:493658
 PageSize:4096 
---------------------------------------------
PhysicalAvailable:2628427 PhysicalTotal:4175378
 ProcessCount:188 
---------------------------------------------
SystemCache:2509072 ThreadCount:2392
---------------------------------------------
 FaultingPc:0 FaultingVa:0
